[4m[34mapps\backend\vendor-service\src\app\controllers\vendor-controller.ts:4:3[39m[24m - [31m[1merror[22m[39m [90mTS2305[39m: Module '"@prisma/client"' has no exported member 'VendorStatus'.

[0m [90m 2 | [39m[36mimport[39m {[0m
[0m [90m 3 | [39m  [33mPrismaClient[39m[33m,[39m[0m
[0m[31m[1m>[22m[39m[90m 4 | [39m  [33mVendorStatus[39m as [33mPrismaVendorStatus[39m[33m,[39m[0m
[0m [90m   | [39m  [31m[1m^[22m[39m[0m
[0m [90m 5 | [39m} from [32m'@prisma/client'[39m[33m;[39m[0m
[0m [90m 6 | [39m[36mimport[39m { logger } from [32m'@shared/logger'[39m[33m;[39m[0m
[0m [90m 7 | [39m[36mimport[39m { uploadFileToMinIO } from [32m'@shared/minio'[39m[33m;[39m[0m

[4m[34mapps\backend\vendor-service\src\app\dto\vendor.dto.ts:2:10[39m[24m - [31m[1merror[22m[39m [90mTS2305[39m: Module '"@prisma/client"' has no exported member 'Vendor'.

[0m [90m 1 | [39m[36mimport[39m { [33mVendorStatus[39m as [33mSharedVendorStatus[39m } from [32m'@shared/types'[39m[33m;[39m[0m
[0m[31m[1m>[22m[39m[90m 2 | [39m[36mimport[39m { [33mVendor[39m[33m,[39m [33mPrisma[39m } from [32m'@prisma/client'[39m[33m;[39m[0m
[0m [90m   | [39m         [31m[1m^[22m[39m[0m
[0m [90m 3 | [39m[0m
[0m [90m 4 | [39m[36mexport[39m interface [33mCreateVendorDto[39m {[0m
[0m [90m 5 | [39m  storeName[33m:[39m string[33m;[39m[0m

[4m[34mapps\backend\vendor-service\src\app\dto\vendor.dto.ts:22:11[39m[24m - [31m[1merror[22m[39m [90mTS2694[39m: Namespace '"C:/Users/Karishma khatri/Desktop/Tentalents-ecommerce/node_modules/.prisma/client/default".Prisma' has no exported member 'VendorCreateInput'.

[0m [90m 20 | [39m[36mexport[39m [36mconst[39m createVendorDtoToPrisma [33m=[39m ([0m
[0m [90m 21 | [39m  dto[33m:[39m [33mCreateVendorDto[39m[0m
[0m[31m[1m>[22m[39m[90m 22 | [39m)[33m:[39m [33mPrisma[39m[33m.[39m[33mVendorCreateInput[39m [33m=>[39m {[0m
[0m [90m    | [39m          [31m[1m^[22m[39m[0m
[0m [90m 23 | [39m  [36mreturn[39m {[0m
[0m [90m 24 | [39m    storeName[33m:[39m dto[33m.[39mstoreName[33m,[39m[0m
[0m [90m 25 | [39m    storeSlug[33m:[39m dto[33m.[39mstoreSlug[33m,[39m[0m

[4m[34mapps\backend\vendor-service\src\app\services\vendor-service.ts:1:10[39m[24m - [31m[1merror[22m[39m [90mTS2305[39m: Module '"@prisma/client"' has no exported member 'VendorStatus'.

[0m[31m[1m>[22m[39m[90m 1 | [39m[36mimport[39m { [33mVendorStatus[39m as [33mPrismaVendorStatus[39m } from [32m'@prisma/client'[39m[33m;[39m[0m
[0m [90m   | [39m         [31m[1m^[22m[39m[0m
[0m [90m 2 | [39m[36mimport[39m { [33mPrismaClient[39m[33m,[39m [33mPrisma[39m } from [32m'@prisma/client'[39m[33m;[39m[0m
[0m [90m 3 | [39m[36mimport[39m { produceKafkaEvent } from [32m'@shared/kafka'[39m[33m;[39m[0m
[0m [90m 4 | [39m[36mimport[39m { [33mSERVICE_NAMES[39m } from [32m'@shared/constants'[39m[33m;[39m[0m

[4m[34mapps\backend\vendor-service\src\app\services\vendor-service.ts:14:31[39m[24m - [31m[1merror[22m[39m [90mTS2694[39m: Namespace '"C:/Users/Karishma khatri/Desktop/Tentalents-ecommerce/node_modules/.prisma/client/default".Prisma' has no exported member 'VendorCreateInput'.

[0m [90m 12 | [39m[0m
[0m [90m 13 | [39m[36mexport[39m [36mconst[39m vendorService [33m=[39m {[0m
[0m[31m[1m>[22m[39m[90m 14 | [39m  async register(data[33m:[39m [33mPrisma[39m[33m.[39m[33mVendorCreateInput[39m) {[0m
[0m [90m    | [39m                              [31m[1m^[22m[39m[0m
[0m [90m 15 | [39m    [36mconst[39m vendor [33m=[39m await prisma[33m.[39mvendor[33m.[39mcreate({ data })[33m;[39m[0m
[0m [90m 16 | [39m[0m
[0m [90m 17 | [39m    [36mconst[39m createdEvent[33m:[39m [33mVendorCreatedEvent[39m [33m=[39m {[0m

[4m[34mlibs\shared\kafka\src\lib\kafka-consumer.ts:2:10[39m[24m - [31m[1merror[22m[39m [90mTS2305[39m: Module '"./kafka-client"' has no exported member 'getKafkaConsumer'.

[0m [90m 1 | [39m[36mimport[39m { [33mConsumer[39m[33m,[39m [33mEachMessagePayload[39m } from [32m'kafkajs'[39m[33m;[39m[0m
[0m[31m[1m>[22m[39m[90m 2 | [39m[36mimport[39m { getKafkaConsumer } from [32m'./kafka-client'[39m[33m;[39m [90m// âœ… Corrected import[39m[0m
[0m [90m   | [39m         [31m[1m^[22m[39m[0m
[0m [90m 3 | [39m[36mimport[39m { logger } from [32m'@shared/logger'[39m[33m;[39m [90m// Replace with console if needed[39m[0m
[0m [90m 4 | [39m[0m
[0m [90m 5 | [39m[36mexport[39m interface [33mKafkaConsumerConfig[39m {[0m

[4m[34mlibs\shared\minio\src\__tests__\generate-filename.util.spec.ts:3:1[39m[24m - [31m[1merror[22m[39m [90mTS2593[39m: Cannot find name 'describe'. Do you need to install type definitions for a test runner? Try `npm i --save-dev @types/jest` or `npm i --save-dev @types/mocha` and then add 'jest' or 'mocha' to the types field in your tsconfig.

[0m [90m 1 | [39m[36mimport[39m { generateFilename } from [32m'../lib/generate-filename.util'[39m[33m;[39m[0m
[0m [90m 2 | [39m[0m
[0m[31m[1m>[22m[39m[90m 3 | [39mdescribe([32m'generateFilename'[39m[33m,[39m () [33m=>[39m {[0m
[0m [90m   | [39m[31m[1m^[22m[39m[0m
[0m [90m 4 | [39m  it([32m'should generate filename with prefix and extension'[39m[33m,[39m () [33m=>[39m {[0m
[0m [90m 5 | [39m    [36mconst[39m filename [33m=[39m generateFilename([32m'avatar'[39m[33m,[39m [32m'.jpg'[39m)[33m;[39m[0m
[0m [90m 6 | [39m    expect(filename)[33m.[39mtoMatch([35m/^avatar-[a-f0-9\-]{36}\.jpg$/[39m)[33m;[39m[0m

[4m[34mlibs\shared\minio\src\__tests__\generate-filename.util.spec.ts:4:3[39m[24m - [31m[1merror[22m[39m [90mTS2593[39m: Cannot find name 'it'. Do you need to install type definitions for a test runner? Try `npm i --save-dev @types/jest` or `npm i --save-dev @types/mocha` and then add 'jest' or 'mocha' to the types field in your tsconfig.

[0m [90m 2 | [39m[0m
[0m [90m 3 | [39mdescribe([32m'generateFilename'[39m[33m,[39m () [33m=>[39m {[0m
[0m[31m[1m>[22m[39m[90m 4 | [39m  it([32m'should generate filename with prefix and extension'[39m[33m,[39m () [33m=>[39m {[0m
[0m [90m   | [39m  [31m[1m^[22m[39m[0m
[0m [90m 5 | [39m    [36mconst[39m filename [33m=[39m generateFilename([32m'avatar'[39m[33m,[39m [32m'.jpg'[39m)[33m;[39m[0m
[0m [90m 6 | [39m    expect(filename)[33m.[39mtoMatch([35m/^avatar-[a-f0-9\-]{36}\.jpg$/[39m)[33m;[39m[0m
[0m [90m 7 | [39m  })[33m;[39m[0m

[4m[34mlibs\shared\minio\src\__tests__\generate-filename.util.spec.ts:6:5[39m[24m - [31m[1merror[22m[39m [90mTS2304[39m: Cannot find name 'expect'.

[0m [90m 4 | [39m  it([32m'should generate filename with prefix and extension'[39m[33m,[39m () [33m=>[39m {[0m
[0m [90m 5 | [39m    [36mconst[39m filename [33m=[39m generateFilename([32m'avatar'[39m[33m,[39m [32m'.jpg'[39m)[33m;[39m[0m
[0m[31m[1m>[22m[39m[90m 6 | [39m    expect(filename)[33m.[39mtoMatch([35m/^avatar-[a-f0-9\-]{36}\.jpg$/[39m)[33m;[39m[0m
[0m [90m   | [39m    [31m[1m^[22m[39m[0m
[0m [90m 7 | [39m  })[33m;[39m[0m
[0m [90m 8 | [39m})[33m;[39m[0m
[0m [90m 9 | [39m[0m

[4m[34mlibs\shared\minio\src\__tests__\generate-path.util.spec.ts:3:1[39m[24m - [31m[1merror[22m[39m [90mTS2593[39m: Cannot find name 'describe'. Do you need to install type definitions for a test runner? Try `npm i --save-dev @types/jest` or `npm i --save-dev @types/mocha` and then add 'jest' or 'mocha' to the types field in your tsconfig.

[0m [90m 1 | [39m[36mimport[39m { generateObjectPath } from [32m'../lib/generate-path.util'[39m[33m;[39m[0m
[0m [90m 2 | [39m[0m
[0m[31m[1m>[22m[39m[90m 3 | [39mdescribe([32m'generateObjectPath'[39m[33m,[39m () [33m=>[39m {[0m
[0m [90m   | [39m[31m[1m^[22m[39m[0m
[0m [90m 4 | [39m  it([32m'should return a combined object path'[39m[33m,[39m () [33m=>[39m {[0m
[0m [90m 5 | [39m    [36mconst[39m path [33m=[39m generateObjectPath([32m'users/avatars/'[39m[33m,[39m [32m'avatar-uuid.jpg'[39m)[33m;[39m[0m
[0m [90m 6 | [39m    expect(path)[33m.[39mtoBe([32m'users/avatars/avatar-uuid.jpg'[39m)[33m;[39m[0m

[4m[34mlibs\shared\minio\src\__tests__\generate-path.util.spec.ts:4:3[39m[24m - [31m[1merror[22m[39m [90mTS2593[39m: Cannot find name 'it'. Do you need to install type definitions for a test runner? Try `npm i --save-dev @types/jest` or `npm i --save-dev @types/mocha` and then add 'jest' or 'mocha' to the types field in your tsconfig.

[0m [90m 2 | [39m[0m
[0m [90m 3 | [39mdescribe([32m'generateObjectPath'[39m[33m,[39m () [33m=>[39m {[0m
[0m[31m[1m>[22m[39m[90m 4 | [39m  it([32m'should return a combined object path'[39m[33m,[39m () [33m=>[39m {[0m
[0m [90m   | [39m  [31m[1m^[22m[39m[0m
[0m [90m 5 | [39m    [36mconst[39m path [33m=[39m generateObjectPath([32m'users/avatars/'[39m[33m,[39m [32m'avatar-uuid.jpg'[39m)[33m;[39m[0m
[0m [90m 6 | [39m    expect(path)[33m.[39mtoBe([32m'users/avatars/avatar-uuid.jpg'[39m)[33m;[39m[0m
[0m [90m 7 | [39m  })[33m;[39m[0m

[4m[34mlibs\shared\minio\src\__tests__\generate-path.util.spec.ts:6:5[39m[24m - [31m[1merror[22m[39m [90mTS2304[39m: Cannot find name 'expect'.

[0m [90m 4 | [39m  it([32m'should return a combined object path'[39m[33m,[39m () [33m=>[39m {[0m
[0m [90m 5 | [39m    [36mconst[39m path [33m=[39m generateObjectPath([32m'users/avatars/'[39m[33m,[39m [32m'avatar-uuid.jpg'[39m)[33m;[39m[0m
[0m[31m[1m>[22m[39m[90m 6 | [39m    expect(path)[33m.[39mtoBe([32m'users/avatars/avatar-uuid.jpg'[39m)[33m;[39m[0m
[0m [90m   | [39m    [31m[1m^[22m[39m[0m
[0m [90m 7 | [39m  })[33m;[39m[0m
[0m [90m 8 | [39m})[33m;[39m[0m
[0m [90m 9 | [39m[0m

[4m[34mlibs\shared\minio\src\__tests__\minio-client.spec.ts:3:1[39m[24m - [31m[1merror[22m[39m [90mTS2593[39m: Cannot find name 'describe'. Do you need to install type definitions for a test runner? Try `npm i --save-dev @types/jest` or `npm i --save-dev @types/mocha` and then add 'jest' or 'mocha' to the types field in your tsconfig.

[0m [90m 1 | [39m[36mimport[39m { minioClient } from [32m'../lib/minio-client'[39m[33m;[39m[0m
[0m [90m 2 | [39m[0m
[0m[31m[1m>[22m[39m[90m 3 | [39mdescribe([32m'minioClient'[39m[33m,[39m () [33m=>[39m {[0m
[0m [90m   | [39m[31m[1m^[22m[39m[0m
[0m [90m 4 | [39m  it([32m'should be defined and have basic methods'[39m[33m,[39m () [33m=>[39m {[0m
[0m [90m 5 | [39m    expect(minioClient)[33m.[39mtoBeDefined()[33m;[39m[0m
[0m [90m 6 | [39m    expect(minioClient)[33m.[39mtoHaveProperty([32m'makeBucket'[39m)[33m;[39m[0m

[4m[34mlibs\shared\minio\src\__tests__\minio-client.spec.ts:4:3[39m[24m - [31m[1merror[22m[39m [90mTS2593[39m: Cannot find name 'it'. Do you need to install type definitions for a test runner? Try `npm i --save-dev @types/jest` or `npm i --save-dev @types/mocha` and then add 'jest' or 'mocha' to the types field in your tsconfig.

[0m [90m 2 | [39m[0m
[0m [90m 3 | [39mdescribe([32m'minioClient'[39m[33m,[39m () [33m=>[39m {[0m
[0m[31m[1m>[22m[39m[90m 4 | [39m  it([32m'should be defined and have basic methods'[39m[33m,[39m () [33m=>[39m {[0m
[0m [90m   | [39m  [31m[1m^[22m[39m[0m
[0m [90m 5 | [39m    expect(minioClient)[33m.[39mtoBeDefined()[33m;[39m[0m
[0m [90m 6 | [39m    expect(minioClient)[33m.[39mtoHaveProperty([32m'makeBucket'[39m)[33m;[39m[0m
[0m [90m 7 | [39m    expect(minioClient)[33m.[39mtoHaveProperty([32m'putObject'[39m)[33m;[39m[0m

[4m[34mlibs\shared\minio\src\__tests__\minio-client.spec.ts:5:5[39m[24m - [31m[1merror[22m[39m [90mTS2304[39m: Cannot find name 'expect'.

[0m [90m 3 | [39mdescribe([32m'minioClient'[39m[33m,[39m () [33m=>[39m {[0m
[0m [90m 4 | [39m  it([32m'should be defined and have basic methods'[39m[33m,[39m () [33m=>[39m {[0m
[0m[31m[1m>[22m[39m[90m 5 | [39m    expect(minioClient)[33m.[39mtoBeDefined()[33m;[39m[0m
[0m [90m   | [39m    [31m[1m^[22m[39m[0m
[0m [90m 6 | [39m    expect(minioClient)[33m.[39mtoHaveProperty([32m'makeBucket'[39m)[33m;[39m[0m
[0m [90m 7 | [39m    expect(minioClient)[33m.[39mtoHaveProperty([32m'putObject'[39m)[33m;[39m[0m
[0m [90m 8 | [39m  })[33m;[39m[0m

[4m[34mlibs\shared\minio\src\__tests__\minio-client.spec.ts:6:5[39m[24m - [31m[1merror[22m[39m [90mTS2304[39m: Cannot find name 'expect'.

[0m [90m 4 | [39m  it([32m'should be defined and have basic methods'[39m[33m,[39m () [33m=>[39m {[0m
[0m [90m 5 | [39m    expect(minioClient)[33m.[39mtoBeDefined()[33m;[39m[0m
[0m[31m[1m>[22m[39m[90m 6 | [39m    expect(minioClient)[33m.[39mtoHaveProperty([32m'makeBucket'[39m)[33m;[39m[0m
[0m [90m   | [39m    [31m[1m^[22m[39m[0m
[0m [90m 7 | [39m    expect(minioClient)[33m.[39mtoHaveProperty([32m'putObject'[39m)[33m;[39m[0m
[0m [90m 8 | [39m  })[33m;[39m[0m
[0m [90m 9 | [39m})[33m;[39m[0m

[4m[34mlibs\shared\minio\src\__tests__\minio-client.spec.ts:7:5[39m[24m - [31m[1merror[22m[39m [90mTS2304[39m: Cannot find name 'expect'.

[0m [90m  5 | [39m    expect(minioClient)[33m.[39mtoBeDefined()[33m;[39m[0m
[0m [90m  6 | [39m    expect(minioClient)[33m.[39mtoHaveProperty([32m'makeBucket'[39m)[33m;[39m[0m
[0m[31m[1m>[22m[39m[90m  7 | [39m    expect(minioClient)[33m.[39mtoHaveProperty([32m'putObject'[39m)[33m;[39m[0m
[0m [90m    | [39m    [31m[1m^[22m[39m[0m
[0m [90m  8 | [39m  })[33m;[39m[0m
[0m [90m  9 | [39m})[33m;[39m[0m
[0m [90m 10 | [39m[0m

Found 17 errors.
