[4m[34mapps\backend\post-mvp-services\coupon-service\src\app.ts:4:26[39m[24m - [31m[1merror[22m[39m [90mTS2307[39m: Cannot find module '../routes/coupon.routes' or its corresponding type declarations.

[0m [90m 2 | [39m[36mimport[39m cors from [32m'cors'[39m[33m;[39m[0m
[0m [90m 3 | [39m[36mimport[39m helmet from [32m'helmet'[39m[33m;[39m[0m
[0m[31m[1m>[22m[39m[90m 4 | [39m[36mimport[39m couponRoutes from [32m'../routes/coupon.routes'[39m[33m;[39m[0m
[0m [90m   | [39m                         [31m[1m^[22m[39m[0m
[0m [90m 5 | [39m[36mimport[39m { setupSwagger } from [32m'@shared/swagger'[39m[33m;[39m[0m
[0m [90m 6 | [39m[36mimport[39m { errorHandler } from [32m'@shared/error'[39m[33m;[39m[0m
[0m [90m 7 | [39m[0m

[4m[34mapps\backend\post-mvp-services\coupon-service\src\app.ts:5:30[39m[24m - [31m[1merror[22m[39m [90mTS2307[39m: Cannot find module '@shared/swagger' or its corresponding type declarations.

[0m [90m 3 | [39m[36mimport[39m helmet from [32m'helmet'[39m[33m;[39m[0m
[0m [90m 4 | [39m[36mimport[39m couponRoutes from [32m'../routes/coupon.routes'[39m[33m;[39m[0m
[0m[31m[1m>[22m[39m[90m 5 | [39m[36mimport[39m { setupSwagger } from [32m'@shared/swagger'[39m[33m;[39m[0m
[0m [90m   | [39m                             [31m[1m^[22m[39m[0m
[0m [90m 6 | [39m[36mimport[39m { errorHandler } from [32m'@shared/error'[39m[33m;[39m[0m
[0m [90m 7 | [39m[0m
[0m [90m 8 | [39m[36mconst[39m app [33m=[39m express()[33m;[39m[0m

[4m[34mapps\backend\post-mvp-services\coupon-service\src\app.ts:6:30[39m[24m - [31m[1merror[22m[39m [90mTS2307[39m: Cannot find module '@shared/error' or its corresponding type declarations.

[0m [90m 4 | [39m[36mimport[39m couponRoutes from [32m'../routes/coupon.routes'[39m[33m;[39m[0m
[0m [90m 5 | [39m[36mimport[39m { setupSwagger } from [32m'@shared/swagger'[39m[33m;[39m[0m
[0m[31m[1m>[22m[39m[90m 6 | [39m[36mimport[39m { errorHandler } from [32m'@shared/error'[39m[33m;[39m[0m
[0m [90m   | [39m                             [31m[1m^[22m[39m[0m
[0m [90m 7 | [39m[0m
[0m [90m 8 | [39m[36mconst[39m app [33m=[39m express()[33m;[39m[0m
[0m [90m 9 | [39m[0m

[4m[34mapps\backend\post-mvp-services\coupon-service\src\app\controllers\coupon.controller.ts:3:29[39m[24m - [31m[1merror[22m[39m [90mTS2307[39m: Cannot find module '@shared/utils/lib/response' or its corresponding type declarations.

[0m [90m 1 | [39m[36mimport[39m { [33mRequest[39m[33m,[39m [33mResponse[39m[33m,[39m [33mNextFunction[39m } from [32m'express'[39m[33m;[39m[0m
[0m [90m 2 | [39m[36mimport[39m { couponService } from [32m'../services/coupon.service'[39m[33m;[39m[0m
[0m[31m[1m>[22m[39m[90m 3 | [39m[36mimport[39m { sendSuccess } from [32m'@shared/utils/lib/response'[39m[33m;[39m[0m
[0m [90m   | [39m                            [31m[1m^[22m[39m[0m
[0m [90m 4 | [39m[0m
[0m [90m 5 | [39m[36mexport[39m [36mconst[39m createCoupon [33m=[39m async ([0m
[0m [90m 6 | [39m  req[33m:[39m [33mRequest[39m[33m,[39m[0m

[4m[34mapps\backend\post-mvp-services\coupon-service\src\main.ts:3:17[39m[24m - [31m[1merror[22m[39m [90mTS2307[39m: Cannot find module './app/app' or its corresponding type declarations.

[0m [90m 1 | [39m[36mimport[39m dotenv from [32m'dotenv'[39m[33m;[39m[0m
[0m [90m 2 | [39m[36mimport[39m path from [32m'path'[39m[33m;[39m[0m
[0m[31m[1m>[22m[39m[90m 3 | [39m[36mimport[39m app from [32m'./app/app'[39m[33m;[39m[0m
[0m [90m   | [39m                [31m[1m^[22m[39m[0m
[0m [90m 4 | [39m[36mimport[39m { [33mPrismaClient[39m } from [32m'@prisma/client'[39m[33m;[39m[0m
[0m [90m 5 | [39m[36mimport[39m { connectRedis[33m,[39m disconnectRedis[33m,[39m redisClient } from [32m'@shared/redis'[39m[33m;[39m[0m
[0m [90m 6 | [39m[36mimport[39m {[0m

[4m[34mapps\backend\post-mvp-services\coupon-service\src\main.ts:5:60[39m[24m - [31m[1merror[22m[39m [90mTS2307[39m: Cannot find module '@shared/redis' or its corresponding type declarations.

[0m [90m 3 | [39m[36mimport[39m app from [32m'./app/app'[39m[33m;[39m[0m
[0m [90m 4 | [39m[36mimport[39m { [33mPrismaClient[39m } from [32m'@prisma/client'[39m[33m;[39m[0m
[0m[31m[1m>[22m[39m[90m 5 | [39m[36mimport[39m { connectRedis[33m,[39m disconnectRedis[33m,[39m redisClient } from [32m'@shared/redis'[39m[33m;[39m[0m
[0m [90m   | [39m                                                           [31m[1m^[22m[39m[0m
[0m [90m 6 | [39m[36mimport[39m {[0m
[0m [90m 7 | [39m  connectKafkaProducer[33m,[39m[0m
[0m [90m 8 | [39m  disconnectKafkaProducer[33m,[39m[0m

[4m[34mapps\backend\post-mvp-services\coupon-service\src\main.ts:12:8[39m[24m - [31m[1merror[22m[39m [90mTS2307[39m: Cannot find module '@shared/kafka' or its corresponding type declarations.

[0m [90m 10 | [39m  disconnectKafkaConsumer[33m,[39m[0m
[0m [90m 11 | [39m  [33mKafkaConsumerConfig[39m[33m,[39m[0m
[0m[31m[1m>[22m[39m[90m 12 | [39m} from [32m'@shared/kafka'[39m[33m;[39m[0m
[0m [90m    | [39m       [31m[1m^[22m[39m[0m
[0m [90m 13 | [39m[36mimport[39m { logger } from [32m'@shared/logger'[39m[33m;[39m[0m
[0m [90m 14 | [39m[0m
[0m [90m 15 | [39m[90m// ðŸ“¦ Load environment variables[39m[0m

[4m[34mapps\backend\post-mvp-services\coupon-service\src\main.ts:13:24[39m[24m - [31m[1merror[22m[39m [90mTS2307[39m: Cannot find module '@shared/logger' or its corresponding type declarations.

[0m [90m 11 | [39m  [33mKafkaConsumerConfig[39m[33m,[39m[0m
[0m [90m 12 | [39m} from [32m'@shared/kafka'[39m[33m;[39m[0m
[0m[31m[1m>[22m[39m[90m 13 | [39m[36mimport[39m { logger } from [32m'@shared/logger'[39m[33m;[39m[0m
[0m [90m    | [39m                       [31m[1m^[22m[39m[0m
[0m [90m 14 | [39m[0m
[0m [90m 15 | [39m[90m// ðŸ“¦ Load environment variables[39m[0m
[0m [90m 16 | [39mdotenv[33m.[39mconfig({ path[33m:[39m path[33m.[39mresolve(__dirname[33m,[39m [32m'../../.env'[39m) })[33m;[39m[0m

Found 8 errors.
