[1m[33mPackage type is set to "commonjs" but "esm" format is included. Going to use "cjs" format instead. You can change the package type to "module" or remove type in the package.json file.[39m[22m
[4m[34mapps\backend\search-service\src\app\controllers\search.controller.ts:3:29[39m[24m - [31m[1merror[22m[39m [90mTS2307[39m: Cannot find module '@shared/utils/lib/response' or its corresponding type declarations.

[0m [90m 1 | [39m[36mimport[39m { [33mRequest[39m[33m,[39m [33mResponse[39m[33m,[39m [33mNextFunction[39m } from [32m'express'[39m[33m;[39m[0m
[0m [90m 2 | [39m[36mimport[39m { searchService } from [32m'../services/search.service'[39m[33m;[39m[0m
[0m[31m[1m>[22m[39m[90m 3 | [39m[36mimport[39m { sendSuccess } from [32m'@shared/utils/lib/response'[39m[33m;[39m[0m
[0m [90m   | [39m                            [31m[1m^[22m[39m[0m
[0m [90m 4 | [39m[0m
[0m [90m 5 | [39m[36mexport[39m [36mconst[39m searchProducts [33m=[39m async ([0m
[0m [90m 6 | [39m  req[33m:[39m [33mRequest[39m[33m,[39m[0m

[4m[34mapps\backend\search-service\src\app\services\search.service.ts:1:10[39m[24m - [31m[1merror[22m[39m [90mTS2305[39m: Module '"@shared/redis"' has no exported member 'createRedisClient'.

[0m[31m[1m>[22m[39m[90m 1 | [39m[36mimport[39m { createRedisClient } from [32m'@shared/redis'[39m[33m;[39m[0m
[0m [90m   | [39m         [31m[1m^[22m[39m[0m
[0m [90m 2 | [39m[0m
[0m [90m 3 | [39m[36mconst[39m redisClient [33m=[39m createRedisClient()[33m;[39m[0m
[0m [90m 4 | [39m[0m

[4m[34mapps\backend\search-service\src\app\services\search.service.ts:37:17[39m[24m - [31m[1merror[22m[39m [90mTS7006[39m: Parameter 'key' implicitly has an 'any' type.

[0m [90m 35 | [39m    [36mconst[39m keys [33m=[39m await redisClient[33m.[39mkeys([32m'product:*'[39m)[33m;[39m[0m
[0m [90m 36 | [39m    [36mconst[39m products [33m=[39m await [33mPromise[39m[33m.[39mall([0m
[0m[31m[1m>[22m[39m[90m 37 | [39m      keys[33m.[39mmap((key) [33m=>[39m redisClient[33m.[39mhgetall(key))[0m
[0m [90m    | [39m                [31m[1m^[22m[39m[0m
[0m [90m 38 | [39m    )[33m;[39m[0m
[0m [90m 39 | [39m[0m
[0m [90m 40 | [39m    [36mreturn[39m products[33m.[39mfilter((p[33m:[39m [33mRecord[39m[33m<[39m[33mstring[39m[33m,[39m string[33m>[39m) [33m=>[39m {[0m

[4m[34mapps\backend\search-service\src\main.ts:80:9[39m[24m - [31m[1merror[22m[39m [90mTS2367[39m: This comparison appears to be unintentional because the types '{ [x: string]: CommandSignature<Command, RespVersions, TypeMapping>; } & { [x: string]: CommandSignature<RedisFunction, RespVersions, TypeMapping>; } & CommandSignature<...>' and 'string' have no overlap.

[0m [90m 78 | [39m    await prisma[33m.[39m$disconnect()[33m;[39m[0m
[0m [90m 79 | [39m[0m
[0m[31m[1m>[22m[39m[90m 80 | [39m    [36mif[39m (redisClient[33m.[39mstatus [33m===[39m [32m'ready'[39m) {[0m
[0m [90m    | [39m        [31m[1m^[22m[39m[0m
[0m [90m 81 | [39m      await redisClient[33m.[39mquit()[33m;[39m[0m
[0m [90m 82 | [39m      logger[33m.[39minfo([32m'âœ… Redis disconnected'[39m)[33m;[39m[0m
[0m [90m 83 | [39m    }[0m

[4m[34mlibs\shared\kafka\src\lib\kafka-consumer.ts:2:10[39m[24m - [31m[1merror[22m[39m [90mTS2305[39m: Module '"./kafka-client"' has no exported member 'getKafkaConsumer'.

[0m [90m 1 | [39m[36mimport[39m { [33mConsumer[39m[33m,[39m [33mEachMessagePayload[39m } from [32m'kafkajs'[39m[33m;[39m[0m
[0m[31m[1m>[22m[39m[90m 2 | [39m[36mimport[39m { getKafkaConsumer } from [32m'./kafka-client'[39m[33m;[39m [90m// âœ… Corrected import[39m[0m
[0m [90m   | [39m         [31m[1m^[22m[39m[0m
[0m [90m 3 | [39m[36mimport[39m { logger } from [32m'@shared/logger'[39m[33m;[39m [90m// Replace with console if needed[39m[0m
[0m [90m 4 | [39m[0m
[0m [90m 5 | [39m[36mexport[39m interface [33mKafkaConsumerConfig[39m {[0m

[4m[34mlibs\shared\minio\src\__tests__\generate-filename.util.spec.ts:3:1[39m[24m - [31m[1merror[22m[39m [90mTS2593[39m: Cannot find name 'describe'. Do you need to install type definitions for a test runner? Try `npm i --save-dev @types/jest` or `npm i --save-dev @types/mocha` and then add 'jest' or 'mocha' to the types field in your tsconfig.

[0m [90m 1 | [39m[36mimport[39m { generateFilename } from [32m'../lib/generate-filename.util'[39m[33m;[39m[0m
[0m [90m 2 | [39m[0m
[0m[31m[1m>[22m[39m[90m 3 | [39mdescribe([32m'generateFilename'[39m[33m,[39m () [33m=>[39m {[0m
[0m [90m   | [39m[31m[1m^[22m[39m[0m
[0m [90m 4 | [39m  it([32m'should generate filename with prefix and extension'[39m[33m,[39m () [33m=>[39m {[0m
[0m [90m 5 | [39m    [36mconst[39m filename [33m=[39m generateFilename([32m'avatar'[39m[33m,[39m [32m'.jpg'[39m)[33m;[39m[0m
[0m [90m 6 | [39m    expect(filename)[33m.[39mtoMatch([35m/^avatar-[a-f0-9\-]{36}\.jpg$/[39m)[33m;[39m[0m

[4m[34mlibs\shared\minio\src\__tests__\generate-filename.util.spec.ts:4:3[39m[24m - [31m[1merror[22m[39m [90mTS2593[39m: Cannot find name 'it'. Do you need to install type definitions for a test runner? Try `npm i --save-dev @types/jest` or `npm i --save-dev @types/mocha` and then add 'jest' or 'mocha' to the types field in your tsconfig.

[0m [90m 2 | [39m[0m
[0m [90m 3 | [39mdescribe([32m'generateFilename'[39m[33m,[39m () [33m=>[39m {[0m
[0m[31m[1m>[22m[39m[90m 4 | [39m  it([32m'should generate filename with prefix and extension'[39m[33m,[39m () [33m=>[39m {[0m
[0m [90m   | [39m  [31m[1m^[22m[39m[0m
[0m [90m 5 | [39m    [36mconst[39m filename [33m=[39m generateFilename([32m'avatar'[39m[33m,[39m [32m'.jpg'[39m)[33m;[39m[0m
[0m [90m 6 | [39m    expect(filename)[33m.[39mtoMatch([35m/^avatar-[a-f0-9\-]{36}\.jpg$/[39m)[33m;[39m[0m
[0m [90m 7 | [39m  })[33m;[39m[0m

[4m[34mlibs\shared\minio\src\__tests__\generate-filename.util.spec.ts:6:5[39m[24m - [31m[1merror[22m[39m [90mTS2304[39m: Cannot find name 'expect'.

[0m [90m 4 | [39m  it([32m'should generate filename with prefix and extension'[39m[33m,[39m () [33m=>[39m {[0m
[0m [90m 5 | [39m    [36mconst[39m filename [33m=[39m generateFilename([32m'avatar'[39m[33m,[39m [32m'.jpg'[39m)[33m;[39m[0m
[0m[31m[1m>[22m[39m[90m 6 | [39m    expect(filename)[33m.[39mtoMatch([35m/^avatar-[a-f0-9\-]{36}\.jpg$/[39m)[33m;[39m[0m
[0m [90m   | [39m    [31m[1m^[22m[39m[0m
[0m [90m 7 | [39m  })[33m;[39m[0m
[0m [90m 8 | [39m})[33m;[39m[0m
[0m [90m 9 | [39m[0m

[4m[34mlibs\shared\minio\src\__tests__\generate-path.util.spec.ts:3:1[39m[24m - [31m[1merror[22m[39m [90mTS2593[39m: Cannot find name 'describe'. Do you need to install type definitions for a test runner? Try `npm i --save-dev @types/jest` or `npm i --save-dev @types/mocha` and then add 'jest' or 'mocha' to the types field in your tsconfig.

[0m [90m 1 | [39m[36mimport[39m { generateObjectPath } from [32m'../lib/generate-path.util'[39m[33m;[39m[0m
[0m [90m 2 | [39m[0m
[0m[31m[1m>[22m[39m[90m 3 | [39mdescribe([32m'generateObjectPath'[39m[33m,[39m () [33m=>[39m {[0m
[0m [90m   | [39m[31m[1m^[22m[39m[0m
[0m [90m 4 | [39m  it([32m'should return a combined object path'[39m[33m,[39m () [33m=>[39m {[0m
[0m [90m 5 | [39m    [36mconst[39m path [33m=[39m generateObjectPath([32m'users/avatars/'[39m[33m,[39m [32m'avatar-uuid.jpg'[39m)[33m;[39m[0m
[0m [90m 6 | [39m    expect(path)[33m.[39mtoBe([32m'users/avatars/avatar-uuid.jpg'[39m)[33m;[39m[0m

[4m[34mlibs\shared\minio\src\__tests__\generate-path.util.spec.ts:4:3[39m[24m - [31m[1merror[22m[39m [90mTS2593[39m: Cannot find name 'it'. Do you need to install type definitions for a test runner? Try `npm i --save-dev @types/jest` or `npm i --save-dev @types/mocha` and then add 'jest' or 'mocha' to the types field in your tsconfig.

[0m [90m 2 | [39m[0m
[0m [90m 3 | [39mdescribe([32m'generateObjectPath'[39m[33m,[39m () [33m=>[39m {[0m
[0m[31m[1m>[22m[39m[90m 4 | [39m  it([32m'should return a combined object path'[39m[33m,[39m () [33m=>[39m {[0m
[0m [90m   | [39m  [31m[1m^[22m[39m[0m
[0m [90m 5 | [39m    [36mconst[39m path [33m=[39m generateObjectPath([32m'users/avatars/'[39m[33m,[39m [32m'avatar-uuid.jpg'[39m)[33m;[39m[0m
[0m [90m 6 | [39m    expect(path)[33m.[39mtoBe([32m'users/avatars/avatar-uuid.jpg'[39m)[33m;[39m[0m
[0m [90m 7 | [39m  })[33m;[39m[0m

[4m[34mlibs\shared\minio\src\__tests__\generate-path.util.spec.ts:6:5[39m[24m - [31m[1merror[22m[39m [90mTS2304[39m: Cannot find name 'expect'.

[0m [90m 4 | [39m  it([32m'should return a combined object path'[39m[33m,[39m () [33m=>[39m {[0m
[0m [90m 5 | [39m    [36mconst[39m path [33m=[39m generateObjectPath([32m'users/avatars/'[39m[33m,[39m [32m'avatar-uuid.jpg'[39m)[33m;[39m[0m
[0m[31m[1m>[22m[39m[90m 6 | [39m    expect(path)[33m.[39mtoBe([32m'users/avatars/avatar-uuid.jpg'[39m)[33m;[39m[0m
[0m [90m   | [39m    [31m[1m^[22m[39m[0m
[0m [90m 7 | [39m  })[33m;[39m[0m
[0m [90m 8 | [39m})[33m;[39m[0m
[0m [90m 9 | [39m[0m

[4m[34mlibs\shared\minio\src\__tests__\minio-client.spec.ts:3:1[39m[24m - [31m[1merror[22m[39m [90mTS2593[39m: Cannot find name 'describe'. Do you need to install type definitions for a test runner? Try `npm i --save-dev @types/jest` or `npm i --save-dev @types/mocha` and then add 'jest' or 'mocha' to the types field in your tsconfig.

[0m [90m 1 | [39m[36mimport[39m { minioClient } from [32m'../lib/minio-client'[39m[33m;[39m[0m
[0m [90m 2 | [39m[0m
[0m[31m[1m>[22m[39m[90m 3 | [39mdescribe([32m'minioClient'[39m[33m,[39m () [33m=>[39m {[0m
[0m [90m   | [39m[31m[1m^[22m[39m[0m
[0m [90m 4 | [39m  it([32m'should be defined and have basic methods'[39m[33m,[39m () [33m=>[39m {[0m
[0m [90m 5 | [39m    expect(minioClient)[33m.[39mtoBeDefined()[33m;[39m[0m
[0m [90m 6 | [39m    expect(minioClient)[33m.[39mtoHaveProperty([32m'makeBucket'[39m)[33m;[39m[0m

[4m[34mlibs\shared\minio\src\__tests__\minio-client.spec.ts:4:3[39m[24m - [31m[1merror[22m[39m [90mTS2593[39m: Cannot find name 'it'. Do you need to install type definitions for a test runner? Try `npm i --save-dev @types/jest` or `npm i --save-dev @types/mocha` and then add 'jest' or 'mocha' to the types field in your tsconfig.

[0m [90m 2 | [39m[0m
[0m [90m 3 | [39mdescribe([32m'minioClient'[39m[33m,[39m () [33m=>[39m {[0m
[0m[31m[1m>[22m[39m[90m 4 | [39m  it([32m'should be defined and have basic methods'[39m[33m,[39m () [33m=>[39m {[0m
[0m [90m   | [39m  [31m[1m^[22m[39m[0m
[0m [90m 5 | [39m    expect(minioClient)[33m.[39mtoBeDefined()[33m;[39m[0m
[0m [90m 6 | [39m    expect(minioClient)[33m.[39mtoHaveProperty([32m'makeBucket'[39m)[33m;[39m[0m
[0m [90m 7 | [39m    expect(minioClient)[33m.[39mtoHaveProperty([32m'putObject'[39m)[33m;[39m[0m

[4m[34mlibs\shared\minio\src\__tests__\minio-client.spec.ts:5:5[39m[24m - [31m[1merror[22m[39m [90mTS2304[39m: Cannot find name 'expect'.

[0m [90m 3 | [39mdescribe([32m'minioClient'[39m[33m,[39m () [33m=>[39m {[0m
[0m [90m 4 | [39m  it([32m'should be defined and have basic methods'[39m[33m,[39m () [33m=>[39m {[0m
[0m[31m[1m>[22m[39m[90m 5 | [39m    expect(minioClient)[33m.[39mtoBeDefined()[33m;[39m[0m
[0m [90m   | [39m    [31m[1m^[22m[39m[0m
[0m [90m 6 | [39m    expect(minioClient)[33m.[39mtoHaveProperty([32m'makeBucket'[39m)[33m;[39m[0m
[0m [90m 7 | [39m    expect(minioClient)[33m.[39mtoHaveProperty([32m'putObject'[39m)[33m;[39m[0m
[0m [90m 8 | [39m  })[33m;[39m[0m

[4m[34mlibs\shared\minio\src\__tests__\minio-client.spec.ts:6:5[39m[24m - [31m[1merror[22m[39m [90mTS2304[39m: Cannot find name 'expect'.

[0m [90m 4 | [39m  it([32m'should be defined and have basic methods'[39m[33m,[39m () [33m=>[39m {[0m
[0m [90m 5 | [39m    expect(minioClient)[33m.[39mtoBeDefined()[33m;[39m[0m
[0m[31m[1m>[22m[39m[90m 6 | [39m    expect(minioClient)[33m.[39mtoHaveProperty([32m'makeBucket'[39m)[33m;[39m[0m
[0m [90m   | [39m    [31m[1m^[22m[39m[0m
[0m [90m 7 | [39m    expect(minioClient)[33m.[39mtoHaveProperty([32m'putObject'[39m)[33m;[39m[0m
[0m [90m 8 | [39m  })[33m;[39m[0m
[0m [90m 9 | [39m})[33m;[39m[0m

[4m[34mlibs\shared\minio\src\__tests__\minio-client.spec.ts:7:5[39m[24m - [31m[1merror[22m[39m [90mTS2304[39m: Cannot find name 'expect'.

[0m [90m  5 | [39m    expect(minioClient)[33m.[39mtoBeDefined()[33m;[39m[0m
[0m [90m  6 | [39m    expect(minioClient)[33m.[39mtoHaveProperty([32m'makeBucket'[39m)[33m;[39m[0m
[0m[31m[1m>[22m[39m[90m  7 | [39m    expect(minioClient)[33m.[39mtoHaveProperty([32m'putObject'[39m)[33m;[39m[0m
[0m [90m    | [39m    [31m[1m^[22m[39m[0m
[0m [90m  8 | [39m  })[33m;[39m[0m
[0m [90m  9 | [39m})[33m;[39m[0m
[0m [90m 10 | [39m[0m

Found 16 errors.
